c:\users\insung ihm\desktop\opengl\cse4170samplecode_glsl\4.1.simple3dtransformation_glsl\4.1.simple3dtransformation_glsl\debug\vc120.pdb
c:\users\insung ihm\desktop\opengl\cse4170samplecode_glsl\4.1.simple3dtransformation_glsl\4.1.simple3dtransformation_glsl\debug\vc120.idb
c:\users\insung ihm\desktop\opengl\cse4170samplecode_glsl\4.1.simple3dtransformation_glsl\4.1.simple3dtransformation_glsl\debug\4.1.simple3dtransformation_glsl.obj
c:\users\insung ihm\desktop\opengl\cse4170samplecode_glsl\4.1.simple3dtransformation_glsl\4.1.simple3dtransformation_glsl\debug\loadshaders.obj
c:\users\insung ihm\desktop\opengl\cse4170samplecode_glsl\4.1.simple3dtransformation_glsl\debug\4.1.simple3dtransformation_glsl.ilk
c:\users\insung ihm\desktop\opengl\cse4170samplecode_glsl\4.1.simple3dtransformation_glsl\debug\4.1.simple3dtransformation_glsl.exe
c:\users\insung ihm\desktop\opengl\cse4170samplecode_glsl\4.1.simple3dtransformation_glsl\debug\4.1.simple3dtransformation_glsl.pdb
c:\users\insung ihm\desktop\work\teaching\cse4170\opengl\cse4170samplecode_glsl\4.1.simple3dtransformation_glsl\4.1.simple3dtransformation_glsl\debug\4.1.simple3dtransformation_glsl.obj
c:\users\insung ihm\desktop\work\teaching\cse4170\opengl\cse4170samplecode_glsl\4.1.simple3dtransformation_glsl\4.1.simple3dtransformation_glsl\debug\loadshaders.obj
c:\users\insung ihm\desktop\work\teaching\cse4170\opengl\cse4170samplecode_glsl\4.1.simple3dtransformation_glsl\4.1.simple3dtransformation_glsl\debug\vc120.idb
c:\users\insung ihm\desktop\work\teaching\cse4170\opengl\cse4170samplecode_glsl\4.1.simple3dtransformation_glsl\4.1.simple3dtransformation_glsl\debug\vc120.pdb
c:\users\insung ihm\desktop\work\teaching\cse4170\opengl\cse4170samplecode_glsl\4.1.simple3dtransformation_glsl\debug\4.1.simple3dtransformation_glsl.pdb
c:\users\insung ihm\desktop\work\teaching\cse4170\opengl\cse4170samplecode_glsl\4.1.simple3dtransformation_glsl\debug\4.1.simple3dtransformation_glsl.exe
c:\users\insung ihm\desktop\work\teaching\cse4170\opengl\cse4170samplecode_glsl\4.1.simple3dtransformation_glsl\debug\4.1.simple3dtransformation_glsl.ilk
c:\users\insung ihm\desktop\work\teaching\cse4170\opengl\cse4170samplecode_glsl\4.1.simple3dtransformation_glsl\4.1.simple3dtransformation_glsl\debug\4.1.simp.918a092f.tlog\cl.command.1.tlog
c:\users\insung ihm\desktop\work\teaching\cse4170\opengl\cse4170samplecode_glsl\4.1.simple3dtransformation_glsl\4.1.simple3dtransformation_glsl\debug\4.1.simp.918a092f.tlog\cl.read.1.tlog
c:\users\insung ihm\desktop\work\teaching\cse4170\opengl\cse4170samplecode_glsl\4.1.simple3dtransformation_glsl\4.1.simple3dtransformation_glsl\debug\4.1.simp.918a092f.tlog\cl.write.1.tlog
c:\users\insung ihm\desktop\work\teaching\cse4170\opengl\cse4170samplecode_glsl\4.1.simple3dtransformation_glsl\4.1.simple3dtransformation_glsl\debug\4.1.simp.918a092f.tlog\link.command.1.tlog
c:\users\insung ihm\desktop\work\teaching\cse4170\opengl\cse4170samplecode_glsl\4.1.simple3dtransformation_glsl\4.1.simple3dtransformation_glsl\debug\4.1.simp.918a092f.tlog\link.read.1.tlog
c:\users\insung ihm\desktop\work\teaching\cse4170\opengl\cse4170samplecode_glsl\4.1.simple3dtransformation_glsl\4.1.simple3dtransformation_glsl\debug\4.1.simp.918a092f.tlog\link.write.1.tlog
